GROUP,PACKAGE,CLASS,INSTRUCTION_MISSED,INSTRUCTION_COVERED,BRANCH_MISSED,BRANCH_COVERED,LINE_MISSED,LINE_COVERED,COMPLEXITY_MISSED,COMPLEXITY_COVERED,METHOD_MISSED,METHOD_COVERED
locks,net.dapete.locks,ReadWriteLocksImpl,0,24,0,0,0,8,0,3,0,3
locks,net.dapete.locks,AbstractLocks,0,114,1,7,0,31,1,9,0,6
locks,net.dapete.locks,LockReference,0,11,0,0,0,4,0,2,0,2
locks,net.dapete.locks,ReentrantLocks,0,14,0,0,0,4,0,3,0,3
locks,net.dapete.locks,Locks,0,19,0,0,0,5,0,5,0,5
locks,net.dapete.locks,ReadWriteLocks,0,19,0,0,0,5,0,5,0,5
locks,net.dapete.locks,ReentrantReadWriteLocks,0,14,0,0,0,4,0,3,0,3
locks,net.dapete.locks,LocksImpl,0,13,0,0,0,5,0,2,0,2
